<?xml version="1.0" encoding="UTF-8"?>
<!-- Generated by org.testng.reporters.JUnitReportReporter -->
<testsuite hostname="RajRohit-PC" failures="0" tests="1" name="com.ty.APIProject.CreateProjectTest" time="0.016" errors="0" timestamp="2021-08-04T19:20:18 IST" skipped="0">
  <testcase classname="com.ty.APIProject.CreateProjectTest" name="createProjectTest" time="0.016"/>
  <system-out/>
</testsuite> <!-- com.ty.APIProject.CreateProjectTest -->
