<?xml version="1.0" encoding="UTF-8"?>
<!-- Generated by org.testng.reporters.JUnitReportReporter -->
<testsuite hostname="RajRohit-PC" failures="0" tests="1" name="com.ty.APIProject.ParameterizedClassTest" time="0.014" errors="0" timestamp="2021-08-04T22:29:50 IST" skipped="0">
  <testcase classname="com.ty.APIProject.ParameterizedClassTest" name="parameterizedData" time="0.014"/>
  <system-out/>
</testsuite> <!-- com.ty.APIProject.ParameterizedClassTest -->
